2022-04-15 01:08:55 [INFO] : ++++++++++++++++++++++++++++++++++++++++++++
2022-04-15 01:08:55 [INFO] : 正在获取 [数字观星POC++] 威胁情报...
2022-04-15 01:09:06 [INFO] : 得到 [数字观星POC++] 最新威胁情报 [0] 条
2022-04-15 01:09:06 [INFO] : --------------------------------------------
2022-04-15 01:09:06 [INFO] : ++++++++++++++++++++++++++++++++++++++++++++
2022-04-15 01:09:06 [INFO] : 正在获取 [阿里云] 威胁情报...
2022-04-15 01:09:12 [INFO] : 得到 [阿里云] 最新威胁情报 [0] 条
2022-04-15 01:09:12 [INFO] : --------------------------------------------
2022-04-15 01:09:12 [INFO] : ++++++++++++++++++++++++++++++++++++++++++++
2022-04-15 01:09:12 [INFO] : 正在获取 [国家信息安全漏洞共享平台（CNVD）] 威胁情报...
2022-04-15 01:09:38 [INFO] : 得到 [国家信息安全漏洞共享平台（CNVD）] 最新威胁情报 [5] 条
2022-04-15 01:09:38 [INFO] : --------------------------------------------
2022-04-15 01:09:38 [INFO] : 
==============================================
[ TITLE ] NETGEAR R8500命令注入漏洞
[ TIME  ] 2022-04-15 01:09:16
[ CVE   ] CNVD-2022-28463 (CVE-2022-27947)
[ SRC   ] 国家信息安全漏洞共享平台（CNVD）
[ URL   ] https://www.cnvd.org.cn/flaw/show/CNVD-2022-28463
2022-04-15 01:09:38 [INFO] : 
==============================================
[ TITLE ] NETGEAR R8500命令注入漏洞
[ TIME  ] 2022-04-15 01:09:19
[ CVE   ] CNVD-2022-28464 (CVE-2022-27946)
[ SRC   ] 国家信息安全漏洞共享平台（CNVD）
[ URL   ] https://www.cnvd.org.cn/flaw/show/CNVD-2022-28464
2022-04-15 01:09:38 [INFO] : 
==============================================
[ TITLE ] NETGEAR R8500命令注入漏洞
[ TIME  ] 2022-04-15 01:09:21
[ CVE   ] CNVD-2022-28465 (CVE-2022-27945)
[ SRC   ] 国家信息安全漏洞共享平台（CNVD）
[ URL   ] https://www.cnvd.org.cn/flaw/show/CNVD-2022-28465
2022-04-15 01:09:38 [INFO] : 
==============================================
[ TITLE ] TOTOLINK A850R存在命令执行漏洞
[ TIME  ] 2022-04-15 01:09:24
[ CVE   ] CNVD-2022-20373
[ SRC   ] 国家信息安全漏洞共享平台（CNVD）
[ URL   ] https://www.cnvd.org.cn/flaw/show/CNVD-2022-20373
2022-04-15 01:09:38 [INFO] : 
==============================================
[ TITLE ] BossCMS存在文件上传漏洞
[ TIME  ] 2022-04-15 01:09:26
[ CVE   ] CNVD-2022-20375
[ SRC   ] 国家信息安全漏洞共享平台（CNVD）
[ URL   ] https://www.cnvd.org.cn/flaw/show/CNVD-2022-20375
2022-04-15 01:09:38 [INFO] : ++++++++++++++++++++++++++++++++++++++++++++
2022-04-15 01:09:38 [INFO] : 正在获取 [国家信息安全漏洞库（CNNVD）] 威胁情报...
2022-04-15 01:09:51 [INFO] : 得到 [国家信息安全漏洞库（CNNVD）] 最新威胁情报 [10] 条
2022-04-15 01:09:51 [INFO] : --------------------------------------------
2022-04-15 01:09:51 [INFO] : 
==============================================
[ TITLE ] Ruby 资源管理错误漏洞
[ TIME  ] 2022-04-14 01:09:39
[ CVE   ] CNNVD-202204-3370 (CVE-2022-28738)
[ SRC   ] 国家信息安全漏洞库（CNNVD）
[ URL   ] http://www.cnnvd.org.cn/web/xxk/ldxqById.tag?CNNVD=CNNVD-202204-3370
2022-04-15 01:09:51 [INFO] : 
==============================================
[ TITLE ] Ruby 代码问题漏洞
[ TIME  ] 2022-04-14 01:09:40
[ CVE   ] CNNVD-202204-3369 (CVE-2022-28739)
[ SRC   ] 国家信息安全漏洞库（CNNVD）
[ URL   ] http://www.cnnvd.org.cn/web/xxk/ldxqById.tag?CNNVD=CNNVD-202204-3369
2022-04-15 01:09:51 [INFO] : 
==============================================
[ TITLE ] GeoServer 输入验证错误漏洞
[ TIME  ] 2022-04-13 01:09:41
[ CVE   ] CNNVD-202204-3368 (CVE-2022-24847)
[ SRC   ] 国家信息安全漏洞库（CNNVD）
[ URL   ] http://www.cnnvd.org.cn/web/xxk/ldxqById.tag?CNNVD=CNNVD-202204-3368
2022-04-15 01:09:51 [INFO] : 
==============================================
[ TITLE ] CMS Made Simple 安全漏洞
[ TIME  ] 2022-04-13 01:09:42
[ CVE   ] CNNVD-202204-3367 (CVE-2021-43154)
[ SRC   ] 国家信息安全漏洞库（CNNVD）
[ URL   ] http://www.cnnvd.org.cn/web/xxk/ldxqById.tag?CNNVD=CNNVD-202204-3367
2022-04-15 01:09:51 [INFO] : 
==============================================
[ TITLE ] Vyper 输入验证错误漏洞
[ TIME  ] 2022-04-13 01:09:44
[ CVE   ] CNNVD-202204-3366 (CVE-2022-24845)
[ SRC   ] 国家信息安全漏洞库（CNNVD）
[ URL   ] http://www.cnnvd.org.cn/web/xxk/ldxqById.tag?CNNVD=CNNVD-202204-3366
2022-04-15 01:09:51 [INFO] : 
==============================================
[ TITLE ] Gin-Vue-Admin 安全漏洞
[ TIME  ] 2022-04-13 01:09:45
[ CVE   ] CNNVD-202204-3365 (CVE-2022-24843)
[ SRC   ] 国家信息安全漏洞库（CNNVD）
[ URL   ] http://www.cnnvd.org.cn/web/xxk/ldxqById.tag?CNNVD=CNNVD-202204-3365
2022-04-15 01:09:51 [INFO] : 
==============================================
[ TITLE ] Elementor 安全漏洞
[ TIME  ] 2022-04-13 01:09:46
[ CVE   ] CNNVD-202204-3364 (CVE-2022-1329)
[ SRC   ] 国家信息安全漏洞库（CNNVD）
[ URL   ] http://www.cnnvd.org.cn/web/xxk/ldxqById.tag?CNNVD=CNNVD-202204-3364
2022-04-15 01:09:51 [INFO] : 
==============================================
[ TITLE ] Cisco IOS XE 安全漏洞
[ TIME  ] 2022-04-13 01:09:47
[ CVE   ] CNNVD-202204-3363 (CVE-2022-20679)
[ SRC   ] 国家信息安全漏洞库（CNNVD）
[ URL   ] http://www.cnnvd.org.cn/web/xxk/ldxqById.tag?CNNVD=CNNVD-202204-3363
2022-04-15 01:09:51 [INFO] : 
==============================================
[ TITLE ] Cisco IOS XE 安全漏洞
[ TIME  ] 2022-04-13 01:09:49
[ CVE   ] CNNVD-202204-3362 (CVE-2022-20682)
[ SRC   ] 国家信息安全漏洞库（CNNVD）
[ URL   ] http://www.cnnvd.org.cn/web/xxk/ldxqById.tag?CNNVD=CNNVD-202204-3362
2022-04-15 01:09:51 [INFO] : 
==============================================
[ TITLE ] Cisco IOS XE 安全漏洞
[ TIME  ] 2022-04-13 01:09:50
[ CVE   ] CNNVD-202204-3361 (CVE-2022-20684)
[ SRC   ] 国家信息安全漏洞库（CNNVD）
[ URL   ] http://www.cnnvd.org.cn/web/xxk/ldxqById.tag?CNNVD=CNNVD-202204-3361
2022-04-15 01:09:51 [INFO] : ++++++++++++++++++++++++++++++++++++++++++++
2022-04-15 01:09:51 [INFO] : 正在获取 [360 网络安全响应中心] 威胁情报...
2022-04-15 01:09:52 [INFO] : 得到 [360 网络安全响应中心] 最新威胁情报 [0] 条
2022-04-15 01:09:52 [INFO] : --------------------------------------------
2022-04-15 01:09:52 [INFO] : ++++++++++++++++++++++++++++++++++++++++++++
2022-04-15 01:09:52 [INFO] : 正在获取 [美国国家漏洞数据库（NVD）] 威胁情报...
2022-04-15 01:09:53 [INFO] : 得到 [美国国家漏洞数据库（NVD）] 最新威胁情报 [0] 条
2022-04-15 01:09:53 [INFO] : --------------------------------------------
2022-04-15 01:09:53 [INFO] : ++++++++++++++++++++++++++++++++++++++++++++
2022-04-15 01:09:53 [INFO] : 正在获取 [信息安全漏洞门户] 威胁情报...
2022-04-15 01:09:54 [INFO] : 得到 [信息安全漏洞门户] 最新威胁情报 [0] 条
2022-04-15 01:09:54 [INFO] : --------------------------------------------
2022-04-15 01:09:54 [INFO] : ++++++++++++++++++++++++++++++++++++++++++++
2022-04-15 01:09:54 [INFO] : 正在获取 [绿盟] 威胁情报...
2022-04-15 01:09:54 [INFO] : 得到 [绿盟] 最新威胁情报 [0] 条
2022-04-15 01:09:54 [INFO] : --------------------------------------------
2022-04-15 01:09:54 [INFO] : ++++++++++++++++++++++++++++++++++++++++++++
2022-04-15 01:09:54 [INFO] : 正在获取 [奇安信] 威胁情报...
2022-04-15 01:09:55 [INFO] : 得到 [奇安信] 最新威胁情报 [0] 条
2022-04-15 01:09:55 [INFO] : --------------------------------------------
2022-04-15 01:09:55 [INFO] : ++++++++++++++++++++++++++++++++++++++++++++
2022-04-15 01:09:55 [INFO] : 正在获取 [红后] 威胁情报...
2022-04-15 01:09:55 [INFO] : 得到 [红后] 最新威胁情报 [0] 条
2022-04-15 01:09:55 [INFO] : --------------------------------------------
2022-04-15 01:09:55 [INFO] : ++++++++++++++++++++++++++++++++++++++++++++
2022-04-15 01:09:55 [INFO] : 正在获取 [斗象] 威胁情报...
2022-04-15 01:09:58 [INFO] : 得到 [斗象] 最新威胁情报 [0] 条
2022-04-15 01:09:58 [INFO] : --------------------------------------------
2022-04-15 01:09:58 [INFO] : ++++++++++++++++++++++++++++++++++++++++++++
2022-04-15 01:09:58 [INFO] : 正在获取 [Tenable (Nessus)] 威胁情报...
2022-04-15 01:09:58 [INFO] : 得到 [Tenable (Nessus)] 最新威胁情报 [10] 条
2022-04-15 01:09:58 [INFO] : --------------------------------------------
2022-04-15 01:09:58 [INFO] : 
==============================================
[ TITLE ] MariaDB Server v10.6.3 and below was discovered to contain an use-after-free in the component Binary_string::free_buffer() at /sql/sql_string.h.
[ TIME  ] 2022-04-14 13:15:00
[ CVE   ] CVE-2022-27458
[ SRC   ] Tenable (Nessus)
[ URL   ] https://www.tenable.com/cve/CVE-2022-27458
2022-04-15 01:09:58 [INFO] : 
==============================================
[ TITLE ] MariaDB Server v10.6.3 and below was discovered to contain an use-after-free in the component my_mb_wc_latin1 at /strings/ctype-latin1.c.
[ TIME  ] 2022-04-14 13:15:00
[ CVE   ] CVE-2022-27457
[ SRC   ] Tenable (Nessus)
[ URL   ] https://www.tenable.com/cve/CVE-2022-27457
2022-04-15 01:09:58 [INFO] : 
==============================================
[ TITLE ] MariaDB Server v10.6.3 and below was discovered to contain an use-after-free in the component VDec::VDec at /sql/sql_type.cc.
[ TIME  ] 2022-04-14 13:15:00
[ CVE   ] CVE-2022-27456
[ SRC   ] Tenable (Nessus)
[ URL   ] https://www.tenable.com/cve/CVE-2022-27456
2022-04-15 01:09:58 [INFO] : 
==============================================
[ TITLE ] MariaDB Server v10.6.3 and below was discovered to contain an use-after-free in the component my_wildcmp_8bit_impl at /strings/ctype-simple.c.
[ TIME  ] 2022-04-14 13:15:00
[ CVE   ] CVE-2022-27455
[ SRC   ] Tenable (Nessus)
[ URL   ] https://www.tenable.com/cve/CVE-2022-27455
2022-04-15 01:09:58 [INFO] : 
==============================================
[ TITLE ] MariaDB Server v10.9 and below was discovered to contain a segmentation fault via the component sql/item_cmpfunc.cc.
[ TIME  ] 2022-04-14 13:15:00
[ CVE   ] CVE-2022-27452
[ SRC   ] Tenable (Nessus)
[ URL   ] https://www.tenable.com/cve/CVE-2022-27452
2022-04-15 01:09:58 [INFO] : 
==============================================
[ TITLE ] MariaDB Server v10.9 and below was discovered to contain a segmentation fault via the component sql/field_conv.cc.
[ TIME  ] 2022-04-14 13:15:00
[ CVE   ] CVE-2022-27451
[ SRC   ] Tenable (Nessus)
[ URL   ] https://www.tenable.com/cve/CVE-2022-27451
2022-04-15 01:09:58 [INFO] : 
==============================================
[ TITLE ] MariaDB Server v10.9 and below was discovered to contain a segmentation fault via the component sql/item_func.cc:148.
[ TIME  ] 2022-04-14 13:15:00
[ CVE   ] CVE-2022-27449
[ SRC   ] Tenable (Nessus)
[ URL   ] https://www.tenable.com/cve/CVE-2022-27449
2022-04-15 01:09:58 [INFO] : 
==============================================
[ TITLE ] There is an Assertion failure in MariaDB Server v10.9 and below via 'node->pcur->rel_pos == BTR_PCUR_ON' at /row/row0mysql.cc.
[ TIME  ] 2022-04-14 13:15:00
[ CVE   ] CVE-2022-27448
[ SRC   ] Tenable (Nessus)
[ URL   ] https://www.tenable.com/cve/CVE-2022-27448
2022-04-15 01:09:58 [INFO] : 
==============================================
[ TITLE ] MariaDB Server v10.9 and below was discovered to contain a use-after-free via the component Binary_string::free_buffer() at /sql/sql_string.h.
[ TIME  ] 2022-04-14 13:15:00
[ CVE   ] CVE-2022-27447
[ SRC   ] Tenable (Nessus)
[ URL   ] https://www.tenable.com/cve/CVE-2022-27447
2022-04-15 01:09:58 [INFO] : 
==============================================
[ TITLE ] MariaDB Server v10.9 and below was discovered to contain a segmentation fault via the component sql/item_cmpfunc.h.
[ TIME  ] 2022-04-14 13:15:00
[ CVE   ] CVE-2022-27446
[ SRC   ] Tenable (Nessus)
[ URL   ] https://www.tenable.com/cve/CVE-2022-27446
2022-04-15 01:09:59 [INFO] : [邮件] 正在推送威胁情报...
2022-04-15 01:09:59 [INFO] : [邮件] 收件人清单： ['207176126@qq.com']
2022-04-15 01:10:00 [INFO] : [邮件] 推送威胁情报成功
2022-04-15 01:10:00 [INFO] : 正在提交变更...
